<?xml version="1.0" encoding="UTF-8"?>
<!-- Generated by org.testng.reporters.JUnitReportReporter -->
<testsuite skipped="1" hostname="LAPTOP-29E7URT6" name="co.in.bymat.projectName.ModuleName.testCases.LoginToMyStore4" tests="1" failures="0" timestamp="29 Aug 2021 09:30:09 GMT" time="0.000" errors="0">
  <testcase name="loginToMyStore4" time="0.000" classname="co.in.bymat.projectName.ModuleName.testCases.LoginToMyStore4">
    <skipped/>
  </testcase> <!-- loginToMyStore4 -->
</testsuite> <!-- co.in.bymat.projectName.ModuleName.testCases.LoginToMyStore4 -->
