<?xml version="1.0" encoding="UTF-8"?>
<!-- Generated by org.testng.reporters.JUnitReportReporter -->
<testsuite skipped="0" hostname="LAPTOP-29E7URT6" name="co.in.bymat.projectName.ModuleName.testCases.LoginToMyStore2" tests="1" failures="0" timestamp="15 Aug 2021 05:06:54 GMT" time="26.089" errors="0">
  <testcase name="loginToMyStore2" time="26.089" classname="co.in.bymat.projectName.ModuleName.testCases.LoginToMyStore2"/>
</testsuite> <!-- co.in.bymat.projectName.ModuleName.testCases.LoginToMyStore2 -->
