<?xml version="1.0" encoding="UTF-8"?>
<!-- Generated by org.testng.reporters.JUnitReportReporter -->
<testsuite skipped="0" hostname="LAPTOP-29E7URT6" name="co.in.bymat.projectName.ModuleName.testCases.LoginToMyStore3" tests="1" failures="0" timestamp="15 Aug 2021 05:06:54 GMT" time="24.002" errors="0">
  <testcase name="loginToMyStore3" time="24.002" classname="co.in.bymat.projectName.ModuleName.testCases.LoginToMyStore3"/>
</testsuite> <!-- co.in.bymat.projectName.ModuleName.testCases.LoginToMyStore3 -->
